Using pre-set license

 COMMAND LINE ARGUMENTS:
/Applications/Unity/Hub/Editor/2020.3.5f1/Unity.app/Contents/MacOS/Unity
-adb2
-batchMode
-noUpm
-name
AssetImportWorker0
-projectPath
/Users/storm/Documents/unityProjects/dialog-prototype/dialog-prototype
-logFile
Logs/AssetImportWorker0.log
-srvPort
58089
Successfully changed project path to: /Users/storm/Documents/unityProjects/dialog-prototype/dialog-prototype
/Users/storm/Documents/unityProjects/dialog-prototype/dialog-prototype
Using Asset Import Pipeline V2.
Refreshing native plugins compatible for Editor in 52.77 ms, found 2 plugins.
Preloading 0 native plugins for Editor in 0.00 ms.
Initialize engine version: 2020.3.5f1 (8095aa901b9b)
[Subsystems] Discovering subsystems at path /Applications/Unity/Hub/Editor/2020.3.5f1/Unity.app/Contents/Resources/UnitySubsystems
[Subsystems] Discovering subsystems at path /Users/storm/Documents/unityProjects/dialog-prototype/dialog-prototype/Assets
GfxDevice: creating device client; threaded=0
2021-07-19 12:50:40.022 Unity[2212:3336505] Color LCD preferred device: AMD Radeon Pro 5600M (high power)
2021-07-19 12:50:40.022 Unity[2212:3336505] Metal devices available: 2
2021-07-19 12:50:40.022 Unity[2212:3336505] 0: AMD Radeon Pro 5600M (high power)
2021-07-19 12:50:40.022 Unity[2212:3336505] 1: Intel(R) UHD Graphics 630 (low power)
2021-07-19 12:50:40.022 Unity[2212:3336505] Using device AMD Radeon Pro 5600M (high power)
Initializing Metal device caps: AMD Radeon Pro 5600M
Shader 'Universal Render Pipeline/Particles/Lit': fallback shader 'Universal Render Pipeline/Particles/SimpleLit' not found
Initialize mono
Mono path[0] = '/Applications/Unity/Hub/Editor/2020.3.5f1/Unity.app/Contents/Managed'
Mono path[1] = '/Applications/Unity/Hub/Editor/2020.3.5f1/Unity.app/Contents/MonoBleedingEdge/lib/mono/unityjit'
Mono config path = '/Applications/Unity/Hub/Editor/2020.3.5f1/Unity.app/Contents/MonoBleedingEdge/etc'
Using monoOptions --debugger-agent=transport=dt_socket,embedding=1,server=y,suspend=n,address=127.0.0.1:56212
Begin MonoManager ReloadAssembly
Registering precompiled unity dll's ...
Register platform support module: /Applications/Unity/Hub/Editor/2020.3.5f1/PlaybackEngines/WebGLSupport/UnityEditor.WebGL.Extensions.dll
Register platform support module: /Applications/Unity/Hub/Editor/2020.3.5f1/Unity.app/Contents/PlaybackEngines/MacStandaloneSupport/UnityEditor.OSXStandalone.Extensions.dll
Registered in 0.000692 seconds.
Native extension for OSXStandalone target not found
Native extension for WebGL target not found
Refreshing native plugins compatible for Editor in 54.33 ms, found 2 plugins.
Preloading 0 native plugins for Editor in 0.00 ms.
Mono: successfully reloaded assembly
- Completed reload, in  3.801 seconds
Platform modules already initialized, skipping
Registering precompiled user dll's ...
Registered in 0.000988 seconds.
Begin MonoManager ReloadAssembly
Native extension for OSXStandalone target not found
Native extension for WebGL target not found
Refreshing native plugins compatible for Editor in 46.42 ms, found 2 plugins.
Preloading 0 native plugins for Editor in 0.00 ms.
Mono: successfully reloaded assembly
- Completed reload, in  1.065 seconds
Platform modules already initialized, skipping
========================================================================
Worker process is ready to serve import requests
Shader 'Universal Render Pipeline/Particles/Lit': fallback shader 'Universal Render Pipeline/Particles/SimpleLit' not found
Launching external process: /Applications/Unity/Hub/Editor/2020.3.5f1/Unity.app/Contents/Tools/UnityShaderCompiler
Launched and connected shader compiler UnityShaderCompiler after 0.01 seconds
Refreshing native plugins compatible for Editor in 0.69 ms, found 2 plugins.
Preloading 0 native plugins for Editor in 0.00 ms.
Unloading 2928 Unused Serialized files (Serialized files now loaded: 0)
System memory in use before: 206.0 MB.
System memory in use after: 206.1 MB.

Unloading 25 unused Assets to reduce memory usage. Loaded Objects now: 3372.
Total: 3.814729 ms (FindLiveObjects: 0.504646 ms CreateObjectMapping: 0.218240 ms MarkObjects: 2.917055 ms  DeleteObjects: 0.172776 ms)

========================================================================
Received Import Request.
  path: Assets/URP_Renderer.asset
  artifactKey: Guid(8481441dcdd774a11ac86b34f2a21f35) Importer(815301076,1909f56bfc062723c751e8b465ee728b)
Start importing Assets/URP_Renderer.asset using Guid(8481441dcdd774a11ac86b34f2a21f35) Importer(815301076,1909f56bfc062723c751e8b465ee728b)  -> (artifact id: '34b122e9edae7c42583eb82cb152b2ed') in 0.824122 seconds
  Import took 0.829822 seconds .

========================================================================
Received Import Request.
  Time since last request: 0.000919 seconds.
  path: Assets/URP.asset
  artifactKey: Guid(a625011bc4ddc4c4699816664456778f) Importer(815301076,1909f56bfc062723c751e8b465ee728b)
Start importing Assets/URP.asset using Guid(a625011bc4ddc4c4699816664456778f) Importer(815301076,1909f56bfc062723c751e8b465ee728b)  -> (artifact id: 'be7848e27330fc212c979a7882476023') in 0.037027 seconds
  Import took 0.042671 seconds .

========================================================================
Received Prepare
Switching render pipeline 00000000000000000000000000000000 -> a625011bc4ddc4c4699816664456778f
Shader 'Universal Render Pipeline/Particles/Lit': fallback shader 'Universal Render Pipeline/Particles/SimpleLit' not found
Refreshing native plugins compatible for Editor in 1.30 ms, found 2 plugins.
Preloading 0 native plugins for Editor in 0.00 ms.
Unloading 59 Unused Serialized files (Serialized files now loaded: 0)
System memory in use before: 152.4 MB.
System memory in use after: 152.5 MB.

Unloading 11 unused Assets to reduce memory usage. Loaded Objects now: 3420.
Total: 3.341289 ms (FindLiveObjects: 0.344334 ms CreateObjectMapping: 0.205109 ms MarkObjects: 2.685782 ms  DeleteObjects: 0.105036 ms)

========================================================================
Received Import Request.
  Time since last request: 35.919271 seconds.
  path: Assets/URP_Renderer.asset
  artifactKey: Guid(8481441dcdd774a11ac86b34f2a21f35) Importer(815301076,1909f56bfc062723c751e8b465ee728b)
Start importing Assets/URP_Renderer.asset using Guid(8481441dcdd774a11ac86b34f2a21f35) Importer(815301076,1909f56bfc062723c751e8b465ee728b)  -> (artifact id: '7b376e7723fd80d0d5bd86e52c8f3779') in 0.003885 seconds
  Import took 0.008962 seconds .

========================================================================
Received Import Request.
  Time since last request: 22.172448 seconds.
  path: Assets/URP2D.asset
  artifactKey: Guid(2788c8d3997cf46d58cb96f089c519aa) Importer(815301076,1909f56bfc062723c751e8b465ee728b)
Start importing Assets/URP2D.asset using Guid(2788c8d3997cf46d58cb96f089c519aa) Importer(815301076,1909f56bfc062723c751e8b465ee728b)  -> (artifact id: '11dc7c954ed7b727b35af9c5f0562a51') in 0.008055 seconds
  Import took 0.012642 seconds .

========================================================================
Received Prepare
Switching render pipeline 00000000000000000000000000000000 -> a625011bc4ddc4c4699816664456778f
Shader 'Universal Render Pipeline/Particles/Lit': fallback shader 'Universal Render Pipeline/Particles/SimpleLit' not found
Refreshing native plugins compatible for Editor in 1.33 ms, found 2 plugins.
Preloading 0 native plugins for Editor in 0.00 ms.
Unloading 11 Unused Serialized files (Serialized files now loaded: 0)
System memory in use before: 151.1 MB.
System memory in use after: 151.2 MB.

Unloading 11 unused Assets to reduce memory usage. Loaded Objects now: 3420.
Total: 2.777480 ms (FindLiveObjects: 0.298851 ms CreateObjectMapping: 0.139437 ms MarkObjects: 2.246847 ms  DeleteObjects: 0.091484 ms)

AssetImportParameters requested are different than current active one (requested -> active):
  custom:srp/default-shader: 0000e00a000e0de00000e000e02d0000 -> 0000e00a000e0de00000e000e0000000
========================================================================
Received Import Request.
  Time since last request: 19.924493 seconds.
  path: Assets/URP.asset
  artifactKey: Guid(a625011bc4ddc4c4699816664456778f) Importer(815301076,1909f56bfc062723c751e8b465ee728b)
Start importing Assets/URP.asset using Guid(a625011bc4ddc4c4699816664456778f) Importer(815301076,1909f56bfc062723c751e8b465ee728b)  -> (artifact id: '0445930c84a189c71ea39208956408f0') in 0.001941 seconds
  Import took 0.006437 seconds .

========================================================================
Received Prepare
Registering precompiled user dll's ...
Registered in 0.000843 seconds.
Begin MonoManager ReloadAssembly
Native extension for OSXStandalone target not found
Native extension for WebGL target not found
Refreshing native plugins compatible for Editor in 0.48 ms, found 2 plugins.
Preloading 0 native plugins for Editor in 0.00 ms.
Mono: successfully reloaded assembly
- Completed reload, in  0.974 seconds
Platform modules already initialized, skipping
Switching render pipeline 00000000000000000000000000000000 -> a625011bc4ddc4c4699816664456778f
Shader 'Universal Render Pipeline/Particles/Lit': fallback shader 'Universal Render Pipeline/Particles/SimpleLit' not found
Refreshing native plugins compatible for Editor in 0.46 ms, found 2 plugins.
Preloading 0 native plugins for Editor in 0.00 ms.
Unloading 2856 Unused Serialized files (Serialized files now loaded: 0)
System memory in use before: 207.5 MB.
System memory in use after: 207.6 MB.

Unloading 13 unused Assets to reduce memory usage. Loaded Objects now: 3425.
Total: 3.338108 ms (FindLiveObjects: 0.474586 ms CreateObjectMapping: 0.162837 ms MarkObjects: 2.558320 ms  DeleteObjects: 0.140749 ms)

AssetImportParameters requested are different than current active one (requested -> active):
  custom:srp/default-shader: 0000e00a000e0de00000e000e02d0000 -> 0000e00a000e0de00000e000e0000000
========================================================================
Received Import Request.
  Time since last request: 4346.428899 seconds.
  path: Assets/Prefabs/Canvas.prefab
  artifactKey: Guid(91b73141bcc99452c902204c6733d635) Importer(815301076,1909f56bfc062723c751e8b465ee728b)
Start importing Assets/Prefabs/Canvas.prefab using Guid(91b73141bcc99452c902204c6733d635) Importer(815301076,1909f56bfc062723c751e8b465ee728b)  -> (artifact id: '81367337569b58c3f9e9dff8680d98cd') in 0.392985 seconds
  Import took 0.398070 seconds .

========================================================================
Received Import Request.
  Time since last request: 0.087200 seconds.
  path: Assets/Materials/HighFriction.physicsMaterial2D
  artifactKey: Guid(4dd223e77374f45b1ba2f5373fa80044) Importer(815301076,1909f56bfc062723c751e8b465ee728b)
Start importing Assets/Materials/HighFriction.physicsMaterial2D using Guid(4dd223e77374f45b1ba2f5373fa80044) Importer(815301076,1909f56bfc062723c751e8b465ee728b)  -> (artifact id: 'a6129a8dbae46422082fad5cbcb9a731') in 0.153903 seconds
  Import took 0.158899 seconds .

========================================================================
Received Import Request.
  Time since last request: 0.000168 seconds.
  path: Assets/Materials/Slippery.physicsMaterial2D
  artifactKey: Guid(5bc0d5a81eba54f0c9c84ee8f9500902) Importer(815301076,1909f56bfc062723c751e8b465ee728b)
Start importing Assets/Materials/Slippery.physicsMaterial2D using Guid(5bc0d5a81eba54f0c9c84ee8f9500902) Importer(815301076,1909f56bfc062723c751e8b465ee728b)  -> (artifact id: '21ae6153362083578469049e40243b28') in 0.002534 seconds
  Import took 0.006104 seconds .

========================================================================
Received Import Request.
  Time since last request: 0.278691 seconds.
  path: Assets/Gizmos/DialogueObject Icon.png
  artifactKey: Guid(0e6c6fd6af9c044f4bb661822abcbc7a) Importer(815301076,1909f56bfc062723c751e8b465ee728b)
Start importing Assets/Gizmos/DialogueObject Icon.png using Guid(0e6c6fd6af9c044f4bb661822abcbc7a) Importer(815301076,1909f56bfc062723c751e8b465ee728b)  -> (artifact id: '880a73e53ecd68f5d5d62939c2023a4a') in 0.996747 seconds
  Import took 1.002709 seconds .

========================================================================
Received Import Request.
  Time since last request: 0.000292 seconds.
  path: Assets/DialogueData/No.asset
  artifactKey: Guid(bc5cfa2be1e8743d79b950e2310f8d2b) Importer(815301076,1909f56bfc062723c751e8b465ee728b)
Start importing Assets/DialogueData/No.asset using Guid(bc5cfa2be1e8743d79b950e2310f8d2b) Importer(815301076,1909f56bfc062723c751e8b465ee728b)  -> (artifact id: '15631901905a95df9c3f7675be7c90e9') in 0.004348 seconds
  Import took 0.008627 seconds .

========================================================================
Received Import Request.
  Time since last request: 0.000174 seconds.
  path: Assets/DialogueData/Test.asset
  artifactKey: Guid(21124cb25a2254c7bb07b552dd8716cc) Importer(815301076,1909f56bfc062723c751e8b465ee728b)
Start importing Assets/DialogueData/Test.asset using Guid(21124cb25a2254c7bb07b552dd8716cc) Importer(815301076,1909f56bfc062723c751e8b465ee728b)  -> (artifact id: 'c3759d3352236f57adafee9536e21dc8') in 0.003453 seconds
  Import took 0.006953 seconds .

========================================================================
Received Import Request.
  Time since last request: 0.000169 seconds.
  path: Assets/DialogueData/Yes.asset
  artifactKey: Guid(6a4be49948e534fb9b3014bb053619d8) Importer(815301076,1909f56bfc062723c751e8b465ee728b)
Start importing Assets/DialogueData/Yes.asset using Guid(6a4be49948e534fb9b3014bb053619d8) Importer(815301076,1909f56bfc062723c751e8b465ee728b)  -> (artifact id: '52027743aae8565f98a913249822df9a') in 0.003514 seconds
  Import took 0.007725 seconds .

========================================================================
Received Import Request.
  Time since last request: 0.000165 seconds.
  path: Assets/DialogueData/Done.asset
  artifactKey: Guid(3be9673da92d041c5bec48f90731b34c) Importer(815301076,1909f56bfc062723c751e8b465ee728b)
Start importing Assets/DialogueData/Done.asset using Guid(3be9673da92d041c5bec48f90731b34c) Importer(815301076,1909f56bfc062723c751e8b465ee728b)  -> (artifact id: '8f91b11460c45b3c30d2b9c7254945da') in 0.003649 seconds
  Import took 0.007712 seconds .

========================================================================
Received Import Request.
  Time since last request: 14.576938 seconds.
  path: Assets/Art/DialogueArt/chatboarder.png
  artifactKey: Guid(e00a3bcad529e46f88dc0c85c49a681f) Importer(815301076,1909f56bfc062723c751e8b465ee728b)
Start importing Assets/Art/DialogueArt/chatboarder.png using Guid(e00a3bcad529e46f88dc0c85c49a681f) Importer(815301076,1909f56bfc062723c751e8b465ee728b)  -> (artifact id: '0a74301fbee02eebea5d513abc6a87e2') in 0.010272 seconds
  Import took 0.015253 seconds .

========================================================================
Received Import Request.
  Time since last request: 1.437357 seconds.
  path: Assets/Art/Materials/Ground.mat
  artifactKey: Guid(c1415ec43840740bb8ae12073426c934) Importer(815301076,1909f56bfc062723c751e8b465ee728b)
Start importing Assets/Art/Materials/Ground.mat using Guid(c1415ec43840740bb8ae12073426c934) Importer(815301076,1909f56bfc062723c751e8b465ee728b)  -> (artifact id: '71362c82fb6919b08cfc4a6d56fa6d12') in 0.187906 seconds
  Import took 0.192872 seconds .

========================================================================
Received Import Request.
  Time since last request: 8.365325 seconds.
  path: Assets/TextMesh Pro/Fonts/LiberationSans.ttf
  artifactKey: Guid(e3265ab4bf004d28a9537516768c1c75) Importer(815301076,1909f56bfc062723c751e8b465ee728b)
Start importing Assets/TextMesh Pro/Fonts/LiberationSans.ttf using Guid(e3265ab4bf004d28a9537516768c1c75) Importer(815301076,1909f56bfc062723c751e8b465ee728b)  -> (artifact id: '834a93d1d197da2dad7e6c238a0fa156') in 1.617747 seconds
  Import took 1.622709 seconds .

========================================================================
Received Import Request.
  Time since last request: 0.000174 seconds.
  path: Assets/TextMesh Pro/Sprites/EmojiOne.png
  artifactKey: Guid(dffef66376be4fa480fb02b19edbe903) Importer(815301076,1909f56bfc062723c751e8b465ee728b)
Start importing Assets/TextMesh Pro/Sprites/EmojiOne.png using Guid(dffef66376be4fa480fb02b19edbe903) Importer(815301076,1909f56bfc062723c751e8b465ee728b)  -> (artifact id: '51ee3bfe61acfe94aef7175aa2f00253') in 0.012316 seconds
  Import took 0.016498 seconds .

========================================================================
Received Import Request.
  Time since last request: 0.563793 seconds.
  path: Assets/TextMesh Pro/Resources/TMP Settings.asset
  artifactKey: Guid(3f5b5dff67a942289a9defa416b206f3) Importer(815301076,1909f56bfc062723c751e8b465ee728b)
Start importing Assets/TextMesh Pro/Resources/TMP Settings.asset using Guid(3f5b5dff67a942289a9defa416b206f3) Importer(815301076,1909f56bfc062723c751e8b465ee728b)  -> (artifact id: '07a6d53e3c871aea94be894aa67d5c7a') in 0.029913 seconds
  Import took 0.035354 seconds .

========================================================================
Received Import Request.
  Time since last request: 43.103463 seconds.
  path: Assets/Scenes/Pre-UDP-2DRenderer.unity
  artifactKey: Guid(c9a2f1e2f8832468abe2c26d612bee48) Importer(815301076,1909f56bfc062723c751e8b465ee728b)
Start importing Assets/Scenes/Pre-UDP-2DRenderer.unity using Guid(c9a2f1e2f8832468abe2c26d612bee48) Importer(815301076,1909f56bfc062723c751e8b465ee728b)  -> (artifact id: '720b5079458d010e55f119dc31a121f8') in 0.002521 seconds
  Import took 0.007733 seconds .

========================================================================
Received Import Request.
  Time since last request: 0.728720 seconds.
  path: Assets/Scenes/Prototype.unity
  artifactKey: Guid(c015ef05b42e44b2088f3dfdabda6449) Importer(815301076,1909f56bfc062723c751e8b465ee728b)
Start importing Assets/Scenes/Prototype.unity using Guid(c015ef05b42e44b2088f3dfdabda6449) Importer(815301076,1909f56bfc062723c751e8b465ee728b)  -> (artifact id: 'cbc44422643db6908c0d4adbd8c58d60') in 0.002409 seconds
  Import took 0.008049 seconds .

========================================================================
Received Import Request.
  Time since last request: 2.856506 seconds.
  path: Assets/Scenes/Prototype_Base.unity
  artifactKey: Guid(e38c5e1c15acd46648514371bc9fc4e3) Importer(815301076,1909f56bfc062723c751e8b465ee728b)
Start importing Assets/Scenes/Prototype_Base.unity using Guid(e38c5e1c15acd46648514371bc9fc4e3) Importer(815301076,1909f56bfc062723c751e8b465ee728b)  -> (artifact id: '40d223dd0928e081b49809f71abe66fb') in 0.001411 seconds
  Import took 0.006913 seconds .

========================================================================
Received Import Request.
  Time since last request: 44.406888 seconds.
  path: Assets/Scenes/Post-UDP.unity
  artifactKey: Guid(16ccb52f8ff9e4cd99d948f32b29dae9) Importer(815301076,1909f56bfc062723c751e8b465ee728b)
Start importing Assets/Scenes/Post-UDP.unity using Guid(16ccb52f8ff9e4cd99d948f32b29dae9) Importer(815301076,1909f56bfc062723c751e8b465ee728b)  -> (artifact id: '17aff055508ece07483a7d808cb1c000') in 0.002497 seconds
  Import took 0.007842 seconds .

========================================================================
Received Import Request.
  Time since last request: 0.439769 seconds.
  path: Assets/Scenes/DialogScene.unity
  artifactKey: Guid(2cda990e2423bbf4892e6590ba056729) Importer(815301076,1909f56bfc062723c751e8b465ee728b)
Start importing Assets/Scenes/DialogScene.unity using Guid(2cda990e2423bbf4892e6590ba056729) Importer(815301076,1909f56bfc062723c751e8b465ee728b)  -> (artifact id: '1fbd5f8a633cfc6d17dd73b5c5fea574') in 0.002279 seconds
  Import took 0.007836 seconds .

========================================================================
Received Import Request.
  Time since last request: 62.028789 seconds.
  path: Assets/Prefabs/Box.prefab
  artifactKey: Guid(926fb2c2bb3d54121992de9203cbd3aa) Importer(815301076,1909f56bfc062723c751e8b465ee728b)
Start importing Assets/Prefabs/Box.prefab using Guid(926fb2c2bb3d54121992de9203cbd3aa) Importer(815301076,1909f56bfc062723c751e8b465ee728b)  -> (artifact id: '23a1e2e92fa1ad016d0578a8e4053025') in 0.017715 seconds
  Import took 0.023106 seconds .

========================================================================
Received Import Request.
  Time since last request: 0.000227 seconds.
  path: Assets/Prefabs/TestDialog.prefab
  artifactKey: Guid(45ce3b25a0b1c4748b33a720e3f976f2) Importer(815301076,1909f56bfc062723c751e8b465ee728b)
Start importing Assets/Prefabs/TestDialog.prefab using Guid(45ce3b25a0b1c4748b33a720e3f976f2) Importer(815301076,1909f56bfc062723c751e8b465ee728b)  -> (artifact id: '93b9a4258b5f98bd2e74217319efb223') in 0.017881 seconds
  Import took 0.022732 seconds .

========================================================================
Received Import Request.
  Time since last request: 0.000205 seconds.
  path: Assets/Prefabs/Pickup.prefab
  artifactKey: Guid(beec6459d1dbe433cb65da77fd67b6a6) Importer(815301076,1909f56bfc062723c751e8b465ee728b)
Start importing Assets/Prefabs/Pickup.prefab using Guid(beec6459d1dbe433cb65da77fd67b6a6) Importer(815301076,1909f56bfc062723c751e8b465ee728b)  -> (artifact id: '7d739e9a2530c593b04e923cd21b249c') in 0.009125 seconds
  Import took 0.014032 seconds .

========================================================================
Received Import Request.
  Time since last request: 0.000190 seconds.
  path: Assets/Prefabs/Player.prefab
  artifactKey: Guid(65301b1d2213a4aaa805a303ae26ae8b) Importer(815301076,1909f56bfc062723c751e8b465ee728b)
Start importing Assets/Prefabs/Player.prefab using Guid(65301b1d2213a4aaa805a303ae26ae8b) Importer(815301076,1909f56bfc062723c751e8b465ee728b)  -> (artifact id: '7d11a3489b9ed0ec88271425089f40a8') in 0.013990 seconds
  Import took 0.018368 seconds .

========================================================================
Received Import Request.
  Time since last request: 30.055557 seconds.
  path: Assets/Prefabs/Player.prefab
  artifactKey: Guid(65301b1d2213a4aaa805a303ae26ae8b) Importer(815301076,1909f56bfc062723c751e8b465ee728b)
Start importing Assets/Prefabs/Player.prefab using Guid(65301b1d2213a4aaa805a303ae26ae8b) Importer(815301076,1909f56bfc062723c751e8b465ee728b)  -> (artifact id: 'e76cad799197479f2317f36c14a8f6f1') in 0.009612 seconds
  Import took 0.014469 seconds .

========================================================================
Received Import Request.
  Time since last request: 3.270526 seconds.
  path: Assets/Prefabs/Player.prefab
  artifactKey: Guid(65301b1d2213a4aaa805a303ae26ae8b) Importer(815301076,1909f56bfc062723c751e8b465ee728b)
Start importing Assets/Prefabs/Player.prefab using Guid(65301b1d2213a4aaa805a303ae26ae8b) Importer(815301076,1909f56bfc062723c751e8b465ee728b)  -> (artifact id: '1879cbf1d318573e8805b3dbf136eadb') in 0.008823 seconds
  Import took 0.013756 seconds .

========================================================================
Received Import Request.
  Time since last request: 13.712573 seconds.
  path: Assets/Prefabs/Player.prefab
  artifactKey: Guid(65301b1d2213a4aaa805a303ae26ae8b) Importer(815301076,1909f56bfc062723c751e8b465ee728b)
Start importing Assets/Prefabs/Player.prefab using Guid(65301b1d2213a4aaa805a303ae26ae8b) Importer(815301076,1909f56bfc062723c751e8b465ee728b)  -> (artifact id: '410dee5ace5db4d776a47c5e6ccfc2a8') in 0.009751 seconds
  Import took 0.015063 seconds .

========================================================================
Received Import Request.
  Time since last request: 18.772672 seconds.
  path: Assets/URP.asset
  artifactKey: Guid(a625011bc4ddc4c4699816664456778f) Importer(815301076,1909f56bfc062723c751e8b465ee728b)
Start importing Assets/URP.asset using Guid(a625011bc4ddc4c4699816664456778f) Importer(815301076,1909f56bfc062723c751e8b465ee728b)  -> (artifact id: '84760292d3dd3d7487444192e5b18567') in 0.010488 seconds
  Import took 0.016110 seconds .

========================================================================
Received Import Request.
  Time since last request: 7.482883 seconds.
  path: Assets/TextMesh Pro/Resources/Fonts & Materials/LiberationSans SDF.asset
  artifactKey: Guid(8f586378b4e144a9851e7b34d9b748ee) Importer(815301076,1909f56bfc062723c751e8b465ee728b)
Start importing Assets/TextMesh Pro/Resources/Fonts & Materials/LiberationSans SDF.asset using Guid(8f586378b4e144a9851e7b34d9b748ee) Importer(815301076,1909f56bfc062723c751e8b465ee728b)  -> (artifact id: 'db3ded5ab05aad9f93c7a4eb5d1e4d84') in 0.027508 seconds
  Import took 0.032287 seconds .

========================================================================
Received Import Request.
  Time since last request: 17.013942 seconds.
  path: Packages/com.unity.render-pipelines.universal/Runtime/Materials/Lit.mat
  artifactKey: Guid(31321ba15b8f8eb4c954353edc038b1d) Importer(815301076,1909f56bfc062723c751e8b465ee728b)
Start importing Packages/com.unity.render-pipelines.universal/Runtime/Materials/Lit.mat using Guid(31321ba15b8f8eb4c954353edc038b1d) Importer(815301076,1909f56bfc062723c751e8b465ee728b)  -> (artifact id: '84842e3e2095ad4509fb93ea7aa4ef38') in 0.010158 seconds
  Import took 0.015260 seconds .

========================================================================
Received Import Request.
  Time since last request: 0.000205 seconds.
  path: Packages/com.unity.render-pipelines.universal/Runtime/Materials/ParticlesUnlit.mat
  artifactKey: Guid(e823cd5b5d27c0f4b8256e7c12ee3e6d) Importer(815301076,1909f56bfc062723c751e8b465ee728b)
Start importing Packages/com.unity.render-pipelines.universal/Runtime/Materials/ParticlesUnlit.mat using Guid(e823cd5b5d27c0f4b8256e7c12ee3e6d) Importer(815301076,1909f56bfc062723c751e8b465ee728b)  -> (artifact id: '1bb1e174e15d8a6008fd0ef3f3b41b76') in 0.009038 seconds
  Import took 0.013802 seconds .

========================================================================
Received Import Request.
  Time since last request: 0.000208 seconds.
  path: Packages/com.unity.render-pipelines.universal/Runtime/Materials/TerrainLit.mat
  artifactKey: Guid(594ea882c5a793440b60ff72d896021e) Importer(815301076,1909f56bfc062723c751e8b465ee728b)
Start importing Packages/com.unity.render-pipelines.universal/Runtime/Materials/TerrainLit.mat using Guid(594ea882c5a793440b60ff72d896021e) Importer(815301076,1909f56bfc062723c751e8b465ee728b)  -> (artifact id: '0106e9bf239d2dc175cc183f5e786258') in 0.009585 seconds
  Import took 0.014184 seconds .

========================================================================
Received Import Request.
  Time since last request: 0.000175 seconds.
  path: Packages/com.unity.render-pipelines.universal/Runtime/Materials/Sprite-Unlit-Default.mat
  artifactKey: Guid(9dfc825aed78fcd4ba02077103263b40) Importer(815301076,1909f56bfc062723c751e8b465ee728b)
Start importing Packages/com.unity.render-pipelines.universal/Runtime/Materials/Sprite-Unlit-Default.mat using Guid(9dfc825aed78fcd4ba02077103263b40) Importer(815301076,1909f56bfc062723c751e8b465ee728b)  -> (artifact id: '4126605afabeb07c6c89d194b6307a44') in 0.008936 seconds
  Import took 0.013394 seconds .

========================================================================
Received Import Request.
  Time since last request: 0.000185 seconds.
  path: Packages/com.unity.render-pipelines.universal/Runtime/Materials/SimpleLit.mat
  artifactKey: Guid(6a1143ee683302f4aa628c052723efc1) Importer(815301076,1909f56bfc062723c751e8b465ee728b)
Start importing Packages/com.unity.render-pipelines.universal/Runtime/Materials/SimpleLit.mat using Guid(6a1143ee683302f4aa628c052723efc1) Importer(815301076,1909f56bfc062723c751e8b465ee728b)  -> (artifact id: '8b344005e79d720356f71fd5ad1a438c') in 0.043025 seconds
  Import took 0.047594 seconds .

========================================================================
Received Import Request.
  Time since last request: 0.000153 seconds.
  path: Packages/com.unity.render-pipelines.universal/Runtime/Materials/Sprite-Lit-Default.mat
  artifactKey: Guid(a97c105638bdf8b4a8650670310a4cd3) Importer(815301076,1909f56bfc062723c751e8b465ee728b)
Start importing Packages/com.unity.render-pipelines.universal/Runtime/Materials/Sprite-Lit-Default.mat using Guid(a97c105638bdf8b4a8650670310a4cd3) Importer(815301076,1909f56bfc062723c751e8b465ee728b)  -> (artifact id: '0c58776ec5fff204c68b1947e6fd1956') in 0.007193 seconds
  Import took 0.011331 seconds .

========================================================================
Received Import Request.
  Time since last request: 0.000185 seconds.
  path: Packages/com.unity.render-pipelines.universal/Runtime/Materials/SimpleLit.mat
  artifactKey: Guid(6a1143ee683302f4aa628c052723efc1) Importer(815301076,1909f56bfc062723c751e8b465ee728b)
Start importing Packages/com.unity.render-pipelines.universal/Runtime/Materials/SimpleLit.mat using Guid(6a1143ee683302f4aa628c052723efc1) Importer(815301076,1909f56bfc062723c751e8b465ee728b)  -> (artifact id: '8b344005e79d720356f71fd5ad1a438c') in 0.007469 seconds
  Import took 0.011852 seconds .

========================================================================
Received Import Request.
  Time since last request: 0.000168 seconds.
  path: Packages/com.unity.render-pipelines.universal/Runtime/Materials/Sprite-Lit-Default.mat
  artifactKey: Guid(a97c105638bdf8b4a8650670310a4cd3) Importer(815301076,1909f56bfc062723c751e8b465ee728b)
Start importing Packages/com.unity.render-pipelines.universal/Runtime/Materials/Sprite-Lit-Default.mat using Guid(a97c105638bdf8b4a8650670310a4cd3) Importer(815301076,1909f56bfc062723c751e8b465ee728b)  -> (artifact id: '0c58776ec5fff204c68b1947e6fd1956') in 0.006794 seconds
  Import took 0.011097 seconds .

========================================================================
Received Prepare
Registering precompiled user dll's ...
Registered in 0.001039 seconds.
Begin MonoManager ReloadAssembly
Native extension for OSXStandalone target not found
Native extension for WebGL target not found
Refreshing native plugins compatible for Editor in 0.44 ms, found 2 plugins.
Preloading 0 native plugins for Editor in 0.00 ms.
Mono: successfully reloaded assembly
- Completed reload, in  0.951 seconds
Platform modules already initialized, skipping
Shader 'Universal Render Pipeline/Particles/Lit': fallback shader 'Universal Render Pipeline/Particles/SimpleLit' not found
Refreshing native plugins compatible for Editor in 0.49 ms, found 2 plugins.
Preloading 0 native plugins for Editor in 0.00 ms.
Unloading 2859 Unused Serialized files (Serialized files now loaded: 0)
System memory in use before: 233.9 MB.
System memory in use after: 234.0 MB.

Unloading 13 unused Assets to reduce memory usage. Loaded Objects now: 3481.
Total: 3.056766 ms (FindLiveObjects: 0.388060 ms CreateObjectMapping: 0.165695 ms MarkObjects: 2.357464 ms  DeleteObjects: 0.144117 ms)

========================================================================
Received Prepare
Registering precompiled user dll's ...
Registered in 0.000999 seconds.
Begin MonoManager ReloadAssembly
Native extension for OSXStandalone target not found
Native extension for WebGL target not found
Refreshing native plugins compatible for Editor in 0.46 ms, found 2 plugins.
Preloading 0 native plugins for Editor in 0.00 ms.
Mono: successfully reloaded assembly
- Completed reload, in  0.977 seconds
Platform modules already initialized, skipping
Shader 'Universal Render Pipeline/Particles/Lit': fallback shader 'Universal Render Pipeline/Particles/SimpleLit' not found
Refreshing native plugins compatible for Editor in 0.47 ms, found 2 plugins.
Preloading 0 native plugins for Editor in 0.00 ms.
Unloading 2855 Unused Serialized files (Serialized files now loaded: 0)
System memory in use before: 234.1 MB.
System memory in use after: 234.2 MB.

Unloading 13 unused Assets to reduce memory usage. Loaded Objects now: 3485.
Total: 2.530349 ms (FindLiveObjects: 0.321350 ms CreateObjectMapping: 0.127619 ms MarkObjects: 1.967583 ms  DeleteObjects: 0.112345 ms)

========================================================================
Received Prepare
Registering precompiled user dll's ...
Registered in 0.001033 seconds.
Begin MonoManager ReloadAssembly
Native extension for OSXStandalone target not found
Native extension for WebGL target not found
Refreshing native plugins compatible for Editor in 0.48 ms, found 2 plugins.
Preloading 0 native plugins for Editor in 0.00 ms.
Mono: successfully reloaded assembly
- Completed reload, in  1.011 seconds
Platform modules already initialized, skipping
Shader 'Universal Render Pipeline/Particles/Lit': fallback shader 'Universal Render Pipeline/Particles/SimpleLit' not found
Refreshing native plugins compatible for Editor in 0.44 ms, found 2 plugins.
Preloading 0 native plugins for Editor in 0.00 ms.
Unloading 2855 Unused Serialized files (Serialized files now loaded: 0)
System memory in use before: 234.5 MB.
System memory in use after: 234.6 MB.

Unloading 13 unused Assets to reduce memory usage. Loaded Objects now: 3489.
Total: 2.142704 ms (FindLiveObjects: 0.319944 ms CreateObjectMapping: 0.108247 ms MarkObjects: 1.624922 ms  DeleteObjects: 0.088918 ms)

========================================================================
Received Prepare
Registering precompiled user dll's ...
Registered in 0.001010 seconds.
Begin MonoManager ReloadAssembly
Native extension for OSXStandalone target not found
Native extension for WebGL target not found
Refreshing native plugins compatible for Editor in 0.43 ms, found 2 plugins.
Preloading 0 native plugins for Editor in 0.00 ms.
Mono: successfully reloaded assembly
- Completed reload, in  0.926 seconds
Platform modules already initialized, skipping
Shader 'Universal Render Pipeline/Particles/Lit': fallback shader 'Universal Render Pipeline/Particles/SimpleLit' not found
Refreshing native plugins compatible for Editor in 0.45 ms, found 2 plugins.
Preloading 0 native plugins for Editor in 0.00 ms.
Unloading 2855 Unused Serialized files (Serialized files now loaded: 0)
System memory in use before: 234.8 MB.
System memory in use after: 234.9 MB.

Unloading 13 unused Assets to reduce memory usage. Loaded Objects now: 3493.
Total: 3.166056 ms (FindLiveObjects: 0.393385 ms CreateObjectMapping: 0.167530 ms MarkObjects: 2.479848 ms  DeleteObjects: 0.123790 ms)

========================================================================
Received Prepare
Registering precompiled user dll's ...
Registered in 0.000865 seconds.
Begin MonoManager ReloadAssembly
Native extension for OSXStandalone target not found
Native extension for WebGL target not found
Refreshing native plugins compatible for Editor in 0.44 ms, found 2 plugins.
Preloading 0 native plugins for Editor in 0.00 ms.
Mono: successfully reloaded assembly
- Completed reload, in  1.006 seconds
Platform modules already initialized, skipping
Shader 'Universal Render Pipeline/Particles/Lit': fallback shader 'Universal Render Pipeline/Particles/SimpleLit' not found
Refreshing native plugins compatible for Editor in 0.45 ms, found 2 plugins.
Preloading 0 native plugins for Editor in 0.00 ms.
Unloading 2855 Unused Serialized files (Serialized files now loaded: 0)
System memory in use before: 235.1 MB.
System memory in use after: 235.2 MB.

Unloading 13 unused Assets to reduce memory usage. Loaded Objects now: 3497.
Total: 2.198829 ms (FindLiveObjects: 0.336997 ms CreateObjectMapping: 0.100824 ms MarkObjects: 1.670289 ms  DeleteObjects: 0.089987 ms)

========================================================================
Received Prepare
Registering precompiled user dll's ...
Registered in 0.000964 seconds.
Begin MonoManager ReloadAssembly
Native extension for OSXStandalone target not found
Native extension for WebGL target not found
Refreshing native plugins compatible for Editor in 0.50 ms, found 2 plugins.
Preloading 0 native plugins for Editor in 0.00 ms.
Mono: successfully reloaded assembly
- Completed reload, in  1.022 seconds
Platform modules already initialized, skipping
Shader 'Universal Render Pipeline/Particles/Lit': fallback shader 'Universal Render Pipeline/Particles/SimpleLit' not found
Refreshing native plugins compatible for Editor in 0.57 ms, found 2 plugins.
Preloading 0 native plugins for Editor in 0.00 ms.
Unloading 2855 Unused Serialized files (Serialized files now loaded: 0)
System memory in use before: 235.4 MB.
System memory in use after: 235.5 MB.

Unloading 13 unused Assets to reduce memory usage. Loaded Objects now: 3501.
Total: 2.331868 ms (FindLiveObjects: 0.375859 ms CreateObjectMapping: 0.107459 ms MarkObjects: 1.759103 ms  DeleteObjects: 0.088636 ms)

========================================================================
Received Prepare
Registering precompiled user dll's ...
Registered in 0.001013 seconds.
Begin MonoManager ReloadAssembly
Native extension for OSXStandalone target not found
Native extension for WebGL target not found
Refreshing native plugins compatible for Editor in 0.45 ms, found 2 plugins.
Preloading 0 native plugins for Editor in 0.00 ms.
Mono: successfully reloaded assembly
- Completed reload, in  0.946 seconds
Platform modules already initialized, skipping
Shader 'Universal Render Pipeline/Particles/Lit': fallback shader 'Universal Render Pipeline/Particles/SimpleLit' not found
Refreshing native plugins compatible for Editor in 0.45 ms, found 2 plugins.
Preloading 0 native plugins for Editor in 0.00 ms.
Unloading 2855 Unused Serialized files (Serialized files now loaded: 0)
System memory in use before: 235.8 MB.
System memory in use after: 235.9 MB.

Unloading 13 unused Assets to reduce memory usage. Loaded Objects now: 3505.
Total: 2.358435 ms (FindLiveObjects: 0.372117 ms CreateObjectMapping: 0.104769 ms MarkObjects: 1.791149 ms  DeleteObjects: 0.089720 ms)

========================================================================
Received Prepare
Registering precompiled user dll's ...
Registered in 0.000971 seconds.
Begin MonoManager ReloadAssembly
Native extension for OSXStandalone target not found
Native extension for WebGL target not found
Refreshing native plugins compatible for Editor in 0.45 ms, found 2 plugins.
Preloading 0 native plugins for Editor in 0.00 ms.
Mono: successfully reloaded assembly
- Completed reload, in  0.967 seconds
Platform modules already initialized, skipping
Shader 'Universal Render Pipeline/Particles/Lit': fallback shader 'Universal Render Pipeline/Particles/SimpleLit' not found
Refreshing native plugins compatible for Editor in 0.45 ms, found 2 plugins.
Preloading 0 native plugins for Editor in 0.00 ms.
Unloading 2855 Unused Serialized files (Serialized files now loaded: 0)
System memory in use before: 236.1 MB.
System memory in use after: 236.2 MB.

Unloading 13 unused Assets to reduce memory usage. Loaded Objects now: 3509.
Total: 2.455724 ms (FindLiveObjects: 0.410926 ms CreateObjectMapping: 0.116807 ms MarkObjects: 1.838095 ms  DeleteObjects: 0.089242 ms)

========================================================================
Received Prepare
Registering precompiled user dll's ...
Registered in 0.000998 seconds.
Begin MonoManager ReloadAssembly
Native extension for OSXStandalone target not found
Native extension for WebGL target not found
Refreshing native plugins compatible for Editor in 0.80 ms, found 2 plugins.
Preloading 0 native plugins for Editor in 0.00 ms.
Mono: successfully reloaded assembly
- Completed reload, in  0.968 seconds
Platform modules already initialized, skipping
Shader 'Universal Render Pipeline/Particles/Lit': fallback shader 'Universal Render Pipeline/Particles/SimpleLit' not found
Refreshing native plugins compatible for Editor in 0.44 ms, found 2 plugins.
Preloading 0 native plugins for Editor in 0.00 ms.
Unloading 2855 Unused Serialized files (Serialized files now loaded: 0)
System memory in use before: 236.4 MB.
System memory in use after: 236.5 MB.

Unloading 13 unused Assets to reduce memory usage. Loaded Objects now: 3513.
Total: 2.650635 ms (FindLiveObjects: 0.370813 ms CreateObjectMapping: 0.146821 ms MarkObjects: 2.021086 ms  DeleteObjects: 0.111031 ms)

========================================================================
Received Prepare
Registering precompiled user dll's ...
Registered in 0.001012 seconds.
Begin MonoManager ReloadAssembly
Native extension for OSXStandalone target not found
Native extension for WebGL target not found
Refreshing native plugins compatible for Editor in 0.47 ms, found 2 plugins.
Preloading 0 native plugins for Editor in 0.00 ms.
Mono: successfully reloaded assembly
- Completed reload, in  1.003 seconds
Platform modules already initialized, skipping
Shader 'Universal Render Pipeline/Particles/Lit': fallback shader 'Universal Render Pipeline/Particles/SimpleLit' not found
Refreshing native plugins compatible for Editor in 0.48 ms, found 2 plugins.
Preloading 0 native plugins for Editor in 0.00 ms.
Unloading 2855 Unused Serialized files (Serialized files now loaded: 0)
System memory in use before: 236.7 MB.
System memory in use after: 236.8 MB.

Unloading 13 unused Assets to reduce memory usage. Loaded Objects now: 3517.
Total: 2.284403 ms (FindLiveObjects: 0.275286 ms CreateObjectMapping: 0.122547 ms MarkObjects: 1.772552 ms  DeleteObjects: 0.113221 ms)

========================================================================
Received Prepare
Registering precompiled user dll's ...
Registered in 0.001141 seconds.
Begin MonoManager ReloadAssembly
Native extension for OSXStandalone target not found
Native extension for WebGL target not found
Refreshing native plugins compatible for Editor in 0.46 ms, found 2 plugins.
Preloading 0 native plugins for Editor in 0.00 ms.
Mono: successfully reloaded assembly
- Completed reload, in  1.012 seconds
Platform modules already initialized, skipping
Shader 'Universal Render Pipeline/Particles/Lit': fallback shader 'Universal Render Pipeline/Particles/SimpleLit' not found
Refreshing native plugins compatible for Editor in 0.50 ms, found 2 plugins.
Preloading 0 native plugins for Editor in 0.00 ms.
Unloading 2855 Unused Serialized files (Serialized files now loaded: 0)
System memory in use before: 237.0 MB.
System memory in use after: 237.1 MB.

Unloading 13 unused Assets to reduce memory usage. Loaded Objects now: 3521.
Total: 2.456726 ms (FindLiveObjects: 0.324352 ms CreateObjectMapping: 0.113141 ms MarkObjects: 1.890602 ms  DeleteObjects: 0.127892 ms)

========================================================================
Received Prepare
Registering precompiled user dll's ...
Registered in 0.001053 seconds.
Begin MonoManager ReloadAssembly
Native extension for OSXStandalone target not found
Native extension for WebGL target not found
Refreshing native plugins compatible for Editor in 0.50 ms, found 2 plugins.
Preloading 0 native plugins for Editor in 0.00 ms.
Mono: successfully reloaded assembly
- Completed reload, in  1.021 seconds
Platform modules already initialized, skipping
Shader 'Universal Render Pipeline/Particles/Lit': fallback shader 'Universal Render Pipeline/Particles/SimpleLit' not found
Refreshing native plugins compatible for Editor in 0.59 ms, found 2 plugins.
Preloading 0 native plugins for Editor in 0.00 ms.
Unloading 2855 Unused Serialized files (Serialized files now loaded: 0)
System memory in use before: 237.4 MB.
System memory in use after: 237.5 MB.

Unloading 13 unused Assets to reduce memory usage. Loaded Objects now: 3525.
Total: 2.408799 ms (FindLiveObjects: 0.362044 ms CreateObjectMapping: 0.104503 ms MarkObjects: 1.855352 ms  DeleteObjects: 0.086171 ms)

========================================================================
Received Prepare
Registering precompiled user dll's ...
Registered in 0.000883 seconds.
Begin MonoManager ReloadAssembly
Native extension for OSXStandalone target not found
Native extension for WebGL target not found
Refreshing native plugins compatible for Editor in 0.53 ms, found 2 plugins.
Preloading 0 native plugins for Editor in 0.00 ms.
Mono: successfully reloaded assembly
- Completed reload, in  1.051 seconds
Platform modules already initialized, skipping
Shader 'Universal Render Pipeline/Particles/Lit': fallback shader 'Universal Render Pipeline/Particles/SimpleLit' not found
Refreshing native plugins compatible for Editor in 0.51 ms, found 2 plugins.
Preloading 0 native plugins for Editor in 0.00 ms.
Unloading 2855 Unused Serialized files (Serialized files now loaded: 0)
System memory in use before: 237.7 MB.
System memory in use after: 237.8 MB.

Unloading 13 unused Assets to reduce memory usage. Loaded Objects now: 3529.
Total: 2.547999 ms (FindLiveObjects: 0.315244 ms CreateObjectMapping: 0.130958 ms MarkObjects: 1.977003 ms  DeleteObjects: 0.123961 ms)

========================================================================
Received Import Request.
  Time since last request: 3945.942122 seconds.
  path: Assets/Animatons
  artifactKey: Guid(1148747f8c37247b582daed926c12b5f) Importer(815301076,1909f56bfc062723c751e8b465ee728b)
Start importing Assets/Animatons using Guid(1148747f8c37247b582daed926c12b5f) Importer(815301076,1909f56bfc062723c751e8b465ee728b)  -> (artifact id: '062d0721f23590b37df80ca5b8fb9ff0') in 0.008195 seconds
  Import took 0.012736 seconds .

========================================================================
Received Import Request.
  Time since last request: 9.086122 seconds.
  path: Assets/Animatons/New Animation.anim
  artifactKey: Guid(ff3c4e370e75749a6a0bfc9ce520dde8) Importer(815301076,1909f56bfc062723c751e8b465ee728b)
Start importing Assets/Animatons/New Animation.anim using Guid(ff3c4e370e75749a6a0bfc9ce520dde8) Importer(815301076,1909f56bfc062723c751e8b465ee728b)  -> (artifact id: '43339510f23ea83e6c92ad91e145bc5e') in 0.167184 seconds
  Import took 0.172041 seconds .

========================================================================
Received Import Request.
  Time since last request: 36.154426 seconds.
  path: Assets/Animatons/PickupAnimation.anim
  artifactKey: Guid(ecefa37a676d44f23bef5aac5d611b21) Importer(815301076,1909f56bfc062723c751e8b465ee728b)
Start importing Assets/Animatons/PickupAnimation.anim using Guid(ecefa37a676d44f23bef5aac5d611b21) Importer(815301076,1909f56bfc062723c751e8b465ee728b)  -> (artifact id: '87cc9e6f4824187b88f208c1bc50c137') in 0.006121 seconds
  Import took 0.011272 seconds .

========================================================================
Received Import Request.
  Time since last request: 0.000928 seconds.
  path: Assets/Animatons/PickupAnimation.anim
  artifactKey: Guid(ecefa37a676d44f23bef5aac5d611b21) Importer(815301076,1909f56bfc062723c751e8b465ee728b)
Start importing Assets/Animatons/PickupAnimation.anim using Guid(ecefa37a676d44f23bef5aac5d611b21) Importer(815301076,1909f56bfc062723c751e8b465ee728b)  -> (artifact id: '87cc9e6f4824187b88f208c1bc50c137') in 0.004766 seconds
  Import took 0.008947 seconds .

========================================================================
Received Import Request.
  Time since last request: 247.524507 seconds.
  path: Assets/Animatons/PickupAnimation.anim
  artifactKey: Guid(ecefa37a676d44f23bef5aac5d611b21) Importer(815301076,1909f56bfc062723c751e8b465ee728b)
Start importing Assets/Animatons/PickupAnimation.anim using Guid(ecefa37a676d44f23bef5aac5d611b21) Importer(815301076,1909f56bfc062723c751e8b465ee728b)  -> (artifact id: 'e793590f37d4106c27e8c0bc4366e74b') in 0.005091 seconds
  Import took 0.009703 seconds .

========================================================================
Received Import Request.
  Time since last request: 0.003720 seconds.
  path: Assets/Animatons/PickupAnimation.anim
  artifactKey: Guid(ecefa37a676d44f23bef5aac5d611b21) Importer(815301076,1909f56bfc062723c751e8b465ee728b)
Start importing Assets/Animatons/PickupAnimation.anim using Guid(ecefa37a676d44f23bef5aac5d611b21) Importer(815301076,1909f56bfc062723c751e8b465ee728b)  -> (artifact id: 'e793590f37d4106c27e8c0bc4366e74b') in 0.003730 seconds
  Import took 0.008412 seconds .

========================================================================
Received Prepare
Registering precompiled user dll's ...
Registered in 0.001049 seconds.
Begin MonoManager ReloadAssembly
Native extension for OSXStandalone target not found
Native extension for WebGL target not found
Refreshing native plugins compatible for Editor in 0.50 ms, found 2 plugins.
Preloading 0 native plugins for Editor in 0.00 ms.
Mono: successfully reloaded assembly
- Completed reload, in  0.986 seconds
Platform modules already initialized, skipping
Shader 'Universal Render Pipeline/Particles/Lit': fallback shader 'Universal Render Pipeline/Particles/SimpleLit' not found
Refreshing native plugins compatible for Editor in 0.52 ms, found 2 plugins.
Preloading 0 native plugins for Editor in 0.00 ms.
Unloading 2855 Unused Serialized files (Serialized files now loaded: 0)
System memory in use before: 242.3 MB.
System memory in use after: 242.4 MB.

Unloading 13 unused Assets to reduce memory usage. Loaded Objects now: 3533.
Total: 2.275601 ms (FindLiveObjects: 0.322026 ms CreateObjectMapping: 0.113769 ms MarkObjects: 1.746931 ms  DeleteObjects: 0.092013 ms)

========================================================================
Received Prepare
Registering precompiled user dll's ...
Registered in 0.001098 seconds.
Begin MonoManager ReloadAssembly
Native extension for OSXStandalone target not found
Native extension for WebGL target not found
Refreshing native plugins compatible for Editor in 0.44 ms, found 2 plugins.
Preloading 0 native plugins for Editor in 0.00 ms.
Mono: successfully reloaded assembly
- Completed reload, in  1.000 seconds
Platform modules already initialized, skipping
Shader 'Universal Render Pipeline/Particles/Lit': fallback shader 'Universal Render Pipeline/Particles/SimpleLit' not found
Refreshing native plugins compatible for Editor in 0.45 ms, found 2 plugins.
Preloading 0 native plugins for Editor in 0.00 ms.
Unloading 2855 Unused Serialized files (Serialized files now loaded: 0)
System memory in use before: 242.6 MB.
System memory in use after: 242.7 MB.

Unloading 13 unused Assets to reduce memory usage. Loaded Objects now: 3537.
Total: 2.282130 ms (FindLiveObjects: 0.331970 ms CreateObjectMapping: 0.111322 ms MarkObjects: 1.735403 ms  DeleteObjects: 0.102678 ms)

========================================================================
Received Prepare
Registering precompiled user dll's ...
Registered in 0.001023 seconds.
Begin MonoManager ReloadAssembly
Native extension for OSXStandalone target not found
Native extension for WebGL target not found
Refreshing native plugins compatible for Editor in 0.44 ms, found 2 plugins.
Preloading 0 native plugins for Editor in 0.00 ms.
Mono: successfully reloaded assembly
- Completed reload, in  0.993 seconds
Platform modules already initialized, skipping
Shader 'Universal Render Pipeline/Particles/Lit': fallback shader 'Universal Render Pipeline/Particles/SimpleLit' not found
Refreshing native plugins compatible for Editor in 0.56 ms, found 2 plugins.
Preloading 0 native plugins for Editor in 0.00 ms.
Unloading 2855 Unused Serialized files (Serialized files now loaded: 0)
System memory in use before: 242.9 MB.
System memory in use after: 243.0 MB.

Unloading 13 unused Assets to reduce memory usage. Loaded Objects now: 3541.
Total: 2.284626 ms (FindLiveObjects: 0.341630 ms CreateObjectMapping: 0.121430 ms MarkObjects: 1.722691 ms  DeleteObjects: 0.098058 ms)

========================================================================
Received Prepare
Registering precompiled user dll's ...
Registered in 0.000942 seconds.
Begin MonoManager ReloadAssembly
Native extension for OSXStandalone target not found
Native extension for WebGL target not found
Refreshing native plugins compatible for Editor in 0.46 ms, found 2 plugins.
Preloading 0 native plugins for Editor in 0.00 ms.
Mono: successfully reloaded assembly
- Completed reload, in  0.991 seconds
Platform modules already initialized, skipping
Shader 'Universal Render Pipeline/Particles/Lit': fallback shader 'Universal Render Pipeline/Particles/SimpleLit' not found
Refreshing native plugins compatible for Editor in 0.62 ms, found 2 plugins.
Preloading 0 native plugins for Editor in 0.00 ms.
Unloading 2855 Unused Serialized files (Serialized files now loaded: 0)
System memory in use before: 243.2 MB.
System memory in use after: 243.3 MB.

Unloading 13 unused Assets to reduce memory usage. Loaded Objects now: 3545.
Total: 2.581761 ms (FindLiveObjects: 0.331525 ms CreateObjectMapping: 0.132915 ms MarkObjects: 1.997789 ms  DeleteObjects: 0.118317 ms)

========================================================================
Received Prepare
Registering precompiled user dll's ...
Registered in 0.001103 seconds.
Begin MonoManager ReloadAssembly
Native extension for OSXStandalone target not found
Native extension for WebGL target not found
Refreshing native plugins compatible for Editor in 0.78 ms, found 2 plugins.
Preloading 0 native plugins for Editor in 0.00 ms.
Mono: successfully reloaded assembly
- Completed reload, in  1.005 seconds
Platform modules already initialized, skipping
Shader 'Universal Render Pipeline/Particles/Lit': fallback shader 'Universal Render Pipeline/Particles/SimpleLit' not found
Refreshing native plugins compatible for Editor in 0.48 ms, found 2 plugins.
Preloading 0 native plugins for Editor in 0.00 ms.
Unloading 2855 Unused Serialized files (Serialized files now loaded: 0)
System memory in use before: 243.5 MB.
System memory in use after: 243.6 MB.

Unloading 13 unused Assets to reduce memory usage. Loaded Objects now: 3549.
Total: 2.484746 ms (FindLiveObjects: 0.449338 ms CreateObjectMapping: 0.119691 ms MarkObjects: 1.820970 ms  DeleteObjects: 0.093956 ms)

========================================================================
Received Prepare
Registering precompiled user dll's ...
Registered in 0.001020 seconds.
Begin MonoManager ReloadAssembly
Native extension for OSXStandalone target not found
Native extension for WebGL target not found
Refreshing native plugins compatible for Editor in 0.86 ms, found 2 plugins.
Preloading 0 native plugins for Editor in 0.00 ms.
Mono: successfully reloaded assembly
- Completed reload, in  0.997 seconds
Platform modules already initialized, skipping
Shader 'Universal Render Pipeline/Particles/Lit': fallback shader 'Universal Render Pipeline/Particles/SimpleLit' not found
Refreshing native plugins compatible for Editor in 0.45 ms, found 2 plugins.
Preloading 0 native plugins for Editor in 0.00 ms.
Unloading 2855 Unused Serialized files (Serialized files now loaded: 0)
System memory in use before: 243.8 MB.
System memory in use after: 243.9 MB.

Unloading 13 unused Assets to reduce memory usage. Loaded Objects now: 3553.
Total: 2.464675 ms (FindLiveObjects: 0.390684 ms CreateObjectMapping: 0.118511 ms MarkObjects: 1.861432 ms  DeleteObjects: 0.093480 ms)

========================================================================
Received Prepare
Registering precompiled user dll's ...
Registered in 0.000994 seconds.
Begin MonoManager ReloadAssembly
Native extension for OSXStandalone target not found
Native extension for WebGL target not found
Refreshing native plugins compatible for Editor in 0.45 ms, found 2 plugins.
Preloading 0 native plugins for Editor in 0.00 ms.
Mono: successfully reloaded assembly
- Completed reload, in  0.982 seconds
Platform modules already initialized, skipping
Shader 'Universal Render Pipeline/Particles/Lit': fallback shader 'Universal Render Pipeline/Particles/SimpleLit' not found
Refreshing native plugins compatible for Editor in 0.51 ms, found 2 plugins.
Preloading 0 native plugins for Editor in 0.00 ms.
Unloading 2855 Unused Serialized files (Serialized files now loaded: 0)
System memory in use before: 244.2 MB.
System memory in use after: 244.3 MB.

Unloading 13 unused Assets to reduce memory usage. Loaded Objects now: 3557.
Total: 2.292467 ms (FindLiveObjects: 0.363928 ms CreateObjectMapping: 0.105450 ms MarkObjects: 1.730566 ms  DeleteObjects: 0.091856 ms)

========================================================================
Received Prepare
Registering precompiled user dll's ...
Registered in 0.001058 seconds.
Begin MonoManager ReloadAssembly
Native extension for OSXStandalone target not found
Native extension for WebGL target not found
Refreshing native plugins compatible for Editor in 0.44 ms, found 2 plugins.
Preloading 0 native plugins for Editor in 0.00 ms.
Mono: successfully reloaded assembly
- Completed reload, in  0.990 seconds
Platform modules already initialized, skipping
Shader 'Universal Render Pipeline/Particles/Lit': fallback shader 'Universal Render Pipeline/Particles/SimpleLit' not found
Refreshing native plugins compatible for Editor in 0.44 ms, found 2 plugins.
Preloading 0 native plugins for Editor in 0.00 ms.
Unloading 2855 Unused Serialized files (Serialized files now loaded: 0)
System memory in use before: 244.5 MB.
System memory in use after: 244.6 MB.

Unloading 13 unused Assets to reduce memory usage. Loaded Objects now: 3561.
Total: 2.296714 ms (FindLiveObjects: 0.322298 ms CreateObjectMapping: 0.118111 ms MarkObjects: 1.755238 ms  DeleteObjects: 0.100229 ms)

========================================================================
Received Prepare
Registering precompiled user dll's ...
Registered in 0.000935 seconds.
Begin MonoManager ReloadAssembly
Native extension for OSXStandalone target not found
Native extension for WebGL target not found
Refreshing native plugins compatible for Editor in 0.47 ms, found 2 plugins.
Preloading 0 native plugins for Editor in 0.00 ms.
Mono: successfully reloaded assembly
- Completed reload, in  0.975 seconds
Platform modules already initialized, skipping
Shader 'Universal Render Pipeline/Particles/Lit': fallback shader 'Universal Render Pipeline/Particles/SimpleLit' not found
Refreshing native plugins compatible for Editor in 0.54 ms, found 2 plugins.
Preloading 0 native plugins for Editor in 0.00 ms.
Unloading 2855 Unused Serialized files (Serialized files now loaded: 0)
System memory in use before: 244.8 MB.
System memory in use after: 244.9 MB.

Unloading 13 unused Assets to reduce memory usage. Loaded Objects now: 3565.
Total: 2.374415 ms (FindLiveObjects: 0.292077 ms CreateObjectMapping: 0.167324 ms MarkObjects: 1.804469 ms  DeleteObjects: 0.109688 ms)

========================================================================
Received Prepare
Registering precompiled user dll's ...
Registered in 0.000762 seconds.
Begin MonoManager ReloadAssembly
Native extension for OSXStandalone target not found
Native extension for WebGL target not found
Refreshing native plugins compatible for Editor in 0.45 ms, found 2 plugins.
Preloading 0 native plugins for Editor in 0.00 ms.
Mono: successfully reloaded assembly
- Completed reload, in  0.974 seconds
Platform modules already initialized, skipping
Shader 'Universal Render Pipeline/Particles/Lit': fallback shader 'Universal Render Pipeline/Particles/SimpleLit' not found
Refreshing native plugins compatible for Editor in 0.44 ms, found 2 plugins.
Preloading 0 native plugins for Editor in 0.00 ms.
Unloading 2855 Unused Serialized files (Serialized files now loaded: 0)
System memory in use before: 245.1 MB.
System memory in use after: 245.2 MB.

Unloading 13 unused Assets to reduce memory usage. Loaded Objects now: 3569.
Total: 2.342123 ms (FindLiveObjects: 0.359704 ms CreateObjectMapping: 0.129679 ms MarkObjects: 1.756289 ms  DeleteObjects: 0.095595 ms)

========================================================================
Received Prepare
Registering precompiled user dll's ...
Registered in 0.001011 seconds.
Begin MonoManager ReloadAssembly
Native extension for OSXStandalone target not found
Native extension for WebGL target not found
Refreshing native plugins compatible for Editor in 0.53 ms, found 2 plugins.
Preloading 0 native plugins for Editor in 0.00 ms.
Mono: successfully reloaded assembly
- Completed reload, in  1.102 seconds
Platform modules already initialized, skipping
Shader 'Universal Render Pipeline/Particles/Lit': fallback shader 'Universal Render Pipeline/Particles/SimpleLit' not found
Refreshing native plugins compatible for Editor in 0.44 ms, found 2 plugins.
Preloading 0 native plugins for Editor in 0.00 ms.
Unloading 2855 Unused Serialized files (Serialized files now loaded: 0)
System memory in use before: 245.4 MB.
System memory in use after: 245.5 MB.

Unloading 13 unused Assets to reduce memory usage. Loaded Objects now: 3573.
Total: 3.288133 ms (FindLiveObjects: 0.436089 ms CreateObjectMapping: 0.206506 ms MarkObjects: 2.502235 ms  DeleteObjects: 0.141038 ms)

========================================================================
Received Import Request.
  Time since last request: 1343.792234 seconds.
  path: Assets/TextMesh Pro/Resources/Fonts & Materials/LiberationSans SDF - Fallback.asset
  artifactKey: Guid(2e498d1c8094910479dc3e1b768306a4) Importer(815301076,1909f56bfc062723c751e8b465ee728b)
Start importing Assets/TextMesh Pro/Resources/Fonts & Materials/LiberationSans SDF - Fallback.asset using Guid(2e498d1c8094910479dc3e1b768306a4) Importer(815301076,1909f56bfc062723c751e8b465ee728b)  -> (artifact id: '2bd8597dbba0cdf599959a9ae1d00ca2') in 0.261182 seconds
  Import took 0.266059 seconds .

========================================================================
Received Import Request.
  Time since last request: 63.453935 seconds.
  path: ProjectSettings/TagManager.asset
  artifactKey: Guid(00000000000000003000000000000000) Importer(815301076,1909f56bfc062723c751e8b465ee728b)
Start importing ProjectSettings/TagManager.asset using Guid(00000000000000003000000000000000) Importer(815301076,1909f56bfc062723c751e8b465ee728b)  -> (artifact id: '5074a10e2f18e6e3ae09e7a6a16fc13c') in 0.005000 seconds
  Import took 0.009869 seconds .

========================================================================
Received Import Request.
  Time since last request: 0.001783 seconds.
  path: ProjectSettings/TagManager.asset
  artifactKey: Guid(00000000000000003000000000000000) Importer(815301076,1909f56bfc062723c751e8b465ee728b)
Start importing ProjectSettings/TagManager.asset using Guid(00000000000000003000000000000000) Importer(815301076,1909f56bfc062723c751e8b465ee728b)  -> (artifact id: '5074a10e2f18e6e3ae09e7a6a16fc13c') in 0.003856 seconds
  Import took 0.008937 seconds .

========================================================================
Received Prepare
Registering precompiled user dll's ...
Registered in 0.001060 seconds.
Begin MonoManager ReloadAssembly
Native extension for OSXStandalone target not found
Native extension for WebGL target not found
Refreshing native plugins compatible for Editor in 0.47 ms, found 2 plugins.
Preloading 0 native plugins for Editor in 0.00 ms.
Mono: successfully reloaded assembly
- Completed reload, in  1.101 seconds
Platform modules already initialized, skipping
Shader 'Universal Render Pipeline/Particles/Lit': fallback shader 'Universal Render Pipeline/Particles/SimpleLit' not found
Refreshing native plugins compatible for Editor in 0.52 ms, found 2 plugins.
Preloading 0 native plugins for Editor in 0.00 ms.
Unloading 2855 Unused Serialized files (Serialized files now loaded: 0)
System memory in use before: 248.7 MB.
System memory in use after: 248.8 MB.

Unloading 15 unused Assets to reduce memory usage. Loaded Objects now: 3615.
Total: 2.430102 ms (FindLiveObjects: 0.296445 ms CreateObjectMapping: 0.128106 ms MarkObjects: 1.899309 ms  DeleteObjects: 0.105210 ms)

========================================================================
Received Import Request.
  Time since last request: 380.353732 seconds.
  path: Assets/Scenes/Post-Lighting.unity
  artifactKey: Guid(aac1b7dce69b545c8a6f00a078d463b5) Importer(815301076,1909f56bfc062723c751e8b465ee728b)
Start importing Assets/Scenes/Post-Lighting.unity using Guid(aac1b7dce69b545c8a6f00a078d463b5) Importer(815301076,1909f56bfc062723c751e8b465ee728b)  -> (artifact id: '5adefca1fd0b871bb893f9459fe37a1e') in 0.015818 seconds
  Import took 0.021162 seconds .

========================================================================
Received Import Request.
  Time since last request: 1.463286 seconds.
  path: Assets/Scenes/Post-UDP.unity
  artifactKey: Guid(16ccb52f8ff9e4cd99d948f32b29dae9) Importer(815301076,1909f56bfc062723c751e8b465ee728b)
Start importing Assets/Scenes/Post-UDP.unity using Guid(16ccb52f8ff9e4cd99d948f32b29dae9) Importer(815301076,1909f56bfc062723c751e8b465ee728b)  -> (artifact id: '004d6a12a7bfe1c874e48a608b6f9cff') in 0.003230 seconds
  Import took 0.008760 seconds .

========================================================================
Received Import Request.
  Time since last request: 24.423905 seconds.
  path: Assets/Scenes/Post-UDP.unity
  artifactKey: Guid(16ccb52f8ff9e4cd99d948f32b29dae9) Importer(815301076,1909f56bfc062723c751e8b465ee728b)
Start importing Assets/Scenes/Post-UDP.unity using Guid(16ccb52f8ff9e4cd99d948f32b29dae9) Importer(815301076,1909f56bfc062723c751e8b465ee728b)  -> (artifact id: 'd768aaf5aa94a855169379ead526e2be') in 0.002288 seconds
  Import took 0.008073 seconds .

========================================================================
Received Import Request.
  Time since last request: 24.302954 seconds.
  path: Assets/Scenes/Post-UDP.unity
  artifactKey: Guid(16ccb52f8ff9e4cd99d948f32b29dae9) Importer(815301076,1909f56bfc062723c751e8b465ee728b)
Start importing Assets/Scenes/Post-UDP.unity using Guid(16ccb52f8ff9e4cd99d948f32b29dae9) Importer(815301076,1909f56bfc062723c751e8b465ee728b)  -> (artifact id: '8654ec1acbe14743dd6176ae5c48bef4') in 0.002683 seconds
  Import took 0.007790 seconds .

========================================================================
Received Import Request.
  Time since last request: 62.575022 seconds.
  path: Assets/Scenes/PostDialogAdjustments.unity
  artifactKey: Guid(63a891003aca746e1b1245e4630cd91b) Importer(815301076,1909f56bfc062723c751e8b465ee728b)
Start importing Assets/Scenes/PostDialogAdjustments.unity using Guid(63a891003aca746e1b1245e4630cd91b) Importer(815301076,1909f56bfc062723c751e8b465ee728b)  -> (artifact id: 'dd3bc41ffd7f5373121753f5c57f6479') in 0.003757 seconds
  Import took 0.009125 seconds .

